INFO-FLOW: Workspace F:/malria/MalariaFpga/hls_output/malaria_hls/myproject_prj/solution1 opened at Thu May 14 10:50:03 +0530 2026
Execute     config_array_partition -maximum_size 4096 
INFO: [XFORM 203-101] Allowed max sub elements number after partition is 4096.
Execute     config_compile -name_max_length 80 
INFO: [XFORM 203-1161] The maximum of name length is set into 80.
Execute     set_part xc7z020clg400-1 
Execute       ap_part_info -name xc7z020clg400-1 -data single -quiet 
Command       ap_part_info done; 0.461 sec.
Execute       ap_part_info -name xc7z020clg400-1 -data info 
Execute       add_library xilinx/zynq/zynq:xc7z020:-clg400:-1 
Execute         get_default_platform 
Execute         license_isbetapart xc7z020 
Command         license_isbetapart done; error code: 1; 
Execute         open_platform DefaultPlatform 
Execute         import_lib C:/Xilinx/Vivado/2019.1/common/technology/xilinx/zynq/zynq 
Execute           source C:/Xilinx/Vivado/2019.1/common/technology/xilinx/common/xilinx.lib 
Execute             source C:/Xilinx/Vivado/2019.1/common/technology/xilinx/interface/xilinx_interface.lib 
Execute               source C:/Xilinx/Vivado/2019.1/common/technology/xilinx/interface/plb46.lib 
Execute               source C:/Xilinx/Vivado/2019.1/common/technology/xilinx/interface/fsl.lib 
Execute               source C:/Xilinx/Vivado/2019.1/common/technology/xilinx/interface/axi4.lib 
Execute               source C:/Xilinx/Vivado/2019.1/common/technology/xilinx/interface/maxi.lib 
Execute               source C:/Xilinx/Vivado/2019.1/common/technology/xilinx/interface/saxilite.lib 
Execute             source C:/Xilinx/Vivado/2019.1/common/technology/xilinx/common/dsp48.lib 
Execute             source C:/Xilinx/Vivado/2019.1/common/technology/xilinx/ip/dds_compiler.lib 
Execute             source C:/Xilinx/Vivado/2019.1/common/technology/xilinx/ip/xfft.lib 
Execute             source C:/Xilinx/Vivado/2019.1/common/technology/xilinx/ip/xfir.lib 
Execute           source C:/Xilinx/Vivado/2019.1/common/technology/xilinx/common/xilinx.hlp 
Execute             source C:/Xilinx/Vivado/2019.1/common/technology/xilinx/common/target_info.tcl 
Execute             source C:/Xilinx/Vivado/2019.1/common/technology/xilinx/interface/xilinx_interface.hlp 
Execute               source C:/Xilinx/Vivado/2019.1/common/technology/xilinx/interface/maxi.hlp 
Execute               source C:/Xilinx/Vivado/2019.1/common/technology/xilinx/interface/saxilite.hlp 
Execute             source C:/Xilinx/Vivado/2019.1/common/technology/xilinx/common/dsp48.hlp 
Execute           source C:/Xilinx/Vivado/2019.1/common/technology/xilinx/zynq/dsp48e1.hlp 
Execute           source C:/Xilinx/Vivado/2019.1/common/technology/xilinx/common/xilinx.hlp 
Execute             source C:/Xilinx/Vivado/2019.1/common/technology/xilinx/common/target_info.tcl 
Execute             source C:/Xilinx/Vivado/2019.1/common/technology/xilinx/interface/xilinx_interface.hlp 
Execute               source C:/Xilinx/Vivado/2019.1/common/technology/xilinx/interface/maxi.hlp 
Execute               source C:/Xilinx/Vivado/2019.1/common/technology/xilinx/interface/saxilite.hlp 
Execute             source C:/Xilinx/Vivado/2019.1/common/technology/xilinx/common/dsp48.hlp 
Execute         source C:/Xilinx/Vivado/2019.1/common/technology/xilinx/zynq/zynq.gen 
Execute           source C:/Xilinx/Vivado/2019.1/common/technology/xilinx/common/xilinx.gen 
Execute             source C:/Xilinx/Vivado/2019.1/common/technology/xilinx/interface/plb46.gen 
Execute             source C:/Xilinx/Vivado/2019.1/common/technology/xilinx/interface/fsl.gen 
Execute             source C:/Xilinx/Vivado/2019.1/common/technology/xilinx/interface/axi4.gen 
Execute             source C:/Xilinx/Vivado/2019.1/common/technology/xilinx/interface/nativeAXI4.gen 
Execute               source C:/Xilinx/Vivado/2019.1/common/technology/xilinx/interface/saxilite.gen 
Execute               source C:/Xilinx/Vivado/2019.1/common/technology/xilinx/interface/maxi.gen 
Execute             source C:/Xilinx/Vivado/2019.1/common/technology/xilinx/scripts/xilinxcoregen.gen 
Execute             source C:/Xilinx/Vivado/2019.1/common/technology/xilinx/interface/XilEDKCoreGen.gen 
Execute             source C:/Xilinx/Vivado/2019.1/common/technology/xilinx/ip/dds_compiler.gen 
Execute             source C:/Xilinx/Vivado/2019.1/common/technology/xilinx/ip/util.gen 
Execute             source C:/Xilinx/Vivado/2019.1/common/technology/xilinx/ip/xfft.gen 
Execute             source C:/Xilinx/Vivado/2019.1/common/technology/xilinx/ip/xfir.gen 
Execute             source C:/Xilinx/Vivado/2019.1/common/technology/xilinx/common/dsp48.gen 
Execute         ap_part_info -data single -name xc7z020-clg400-1 
Execute         ap_part_info -name xc7z020-clg400-1 -data resources 
Execute         ap_part_info -name xc7z020-clg400-1 -data info 
Execute         ap_part_info -name xc7z020-clg400-1 -data info 
Execute         config_chip_info -quiet -resource {SLICE 13300} {LUT 53200} {FF 106400} {DSP48E 220} {BRAM 280} {URAM 0} 
Execute         ap_part_info -name xc7z020-clg400-1 -data info 
Execute         config_chip_info -quiet -speed slow 
Command       add_library done; 0.129 sec.
Execute       add_library xilinx/zynq/zynq_fpv6 
Execute         get_default_platform 
Execute         open_platform DefaultPlatform 
Execute         import_lib C:/Xilinx/Vivado/2019.1/common/technology/xilinx/zynq/zynq_fpv6 
Execute           source C:/Xilinx/Vivado/2019.1/common/technology/xilinx/common/xilinx_fp.lib 
Execute           source C:/Xilinx/Vivado/2019.1/common/technology/xilinx/common/xilinx_fp.hlp 
Execute             source C:/Xilinx/Vivado/2019.1/common/technology/xilinx/common/xilinx.hlp 
Execute               source C:/Xilinx/Vivado/2019.1/common/technology/xilinx/common/target_info.tcl 
Execute               source C:/Xilinx/Vivado/2019.1/common/technology/xilinx/interface/xilinx_interface.hlp 
Execute                 source C:/Xilinx/Vivado/2019.1/common/technology/xilinx/interface/maxi.hlp 
Execute                 source C:/Xilinx/Vivado/2019.1/common/technology/xilinx/interface/saxilite.hlp 
Execute               source C:/Xilinx/Vivado/2019.1/common/technology/xilinx/common/dsp48.hlp 
Execute         source C:/Xilinx/Vivado/2019.1/common/technology/xilinx/zynq/zynq_fpv6.gen 
Execute           source C:/Xilinx/Vivado/2019.1/common/technology/xilinx/common/xilinx_fp.gen 
INFO: [HLS 200-10] Setting target device to 'xc7z020-clg400-1'
Execute       ap_part_info -name xc7z020-clg400-1 -data info 
Execute       get_default_platform 
Command     set_part done; 0.646 sec.
Execute     config_schedule -enable_dsp_full_reg=false 
Execute     create_clock -period 5 -name default 
Execute       config_clock -quiet -name default -period 5 -default=false 
INFO: [SYN 201-201] Setting up clock 'default' with a period of 5ns.
Execute     set_clock_uncertainty 12.5% default 
Execute       get_clock_period -default -name=default 
Execute       config_clock -quiet -name default -uncertainty 0.625 -unit % 
INFO: [SYN 201-201] Setting up clock 'default' with an uncertainty of 0.625ns.
Execute     csim_design 
INFO: [SIM 211-2] *************** CSIM start ***************
INFO: [SIM 211-4] CSIM will launch GCC as the compiler.
Execute       is_encrypted F:/malria/MalariaFpga/hls_output/malaria_hls/myproject_test.cpp 
Execute       is_xip F:/malria/MalariaFpga/hls_output/malaria_hls/myproject_test.cpp 
Execute       is_encrypted F:/malria/MalariaFpga/hls_output/malaria_hls/firmware/myproject.cpp 
Execute       is_xip F:/malria/MalariaFpga/hls_output/malaria_hls/firmware/myproject.cpp 
Execute       ap_part_info -name xc7z020-clg400-1 -data info 
ERROR: [SIM 211-100] 'csim_design' failed: compilation error(s).
INFO: [SIM 211-3] *************** CSIM finish ***************
Command     csim_design done; error code: 2; 11.465 sec.
Command   ap_source done; error code: 1; 12.168 sec.
Execute   cleanup_all 
